#
# There is insufficient memory for the Java Runtime Environment to continue.
# Native memory allocation (malloc) failed to allocate 1048576 bytes for AllocateHeap
# Possible reasons:
#   The system is out of physical RAM or swap space
#   The process is running with CompressedOops enabled, and the Java Heap may be blocking the growth of the native heap
# Possible solutions:
#   Reduce memory load on the system
#   Increase physical memory or swap space
#   Check if swap backing store is full
#   Decrease Java heap size (-Xmx/-Xms)
#   Decrease number of Java threads
#   Decrease Java thread stack sizes (-Xss)
#   Set larger code cache with -XX:ReservedCodeCacheSize=
#   JVM is running with Unscaled Compressed Oops mode in which the Java heap is
#     placed in the first 4GB address space. The Java Heap base address is the
#     maximum limit for the native heap growth. Please use -XX:HeapBaseMinAddress
#     to set the Java Heap base and to place the Java Heap above 4GB virtual address.
# This output file may be truncated or incomplete.
#
#  Out of Memory Error (memory/allocation.inline.hpp:61), pid=13844, tid=0x0000000000003bc4
#
# JRE version:  (8.0_211-b12) (build )
# Java VM: Java HotSpot(TM) 64-Bit Server VM (25.211-b12 mixed mode windows-amd64 compressed oops)
# Failed to write core dump. Minidumps are not enabled by default on client versions of Windows
#

---------------  T H R E A D  ---------------

Current thread (0x000000000223e000):  JavaThread "Unknown thread" [_thread_in_vm, id=15300, stack(0x00000000023c0000,0x00000000024c0000)]

Stack: [0x00000000023c0000,0x00000000024c0000]
[error occurred during error reporting (printing stack bounds), id 0xc0000005]

Native frames: (J=compiled Java code, j=interpreted, Vv=VM code, C=native code)


---------------  P R O C E S S  ---------------

Java Threads: ( => current thread )

Other Threads:

=>0x000000000223e000 (exited) JavaThread "Unknown thread" [_thread_in_vm, id=15300, stack(0x00000000023c0000,0x00000000024c0000)]

VM state:not at safepoint (normal execution)

VM Mutex/Monitor currently owned by a thread: None

heap address: 0x0000000081c00000, size: 2020 MB, Compressed Oops mode: 32-bit
Narrow klass base: 0x0000000000000000, Narrow klass shift: 3
Compressed class space size: 1073741824 Address: 0x0000000100000000

Heap:
 PSYoungGen      total 38400K, used 665K [0x00000000d5f00000, 0x00000000d8980000, 0x0000000100000000)
  eden space 33280K, 2% used [0x00000000d5f00000,0x00000000d5fa6670,0x00000000d7f80000)
  from space 5120K, 0% used [0x00000000d8480000,0x00000000d8480000,0x00000000d8980000)
  to   space 5120K, 0% used [0x00000000d7f80000,0x00000000d7f80000,0x00000000d8480000)
 ParOldGen       total 87552K, used 0K [0x0000000081c00000, 0x0000000087180000, 0x00000000d5f00000)
  object space 87552K, 0% used [0x0000000081c00000,0x0000000081c00000,0x0000000087180000)
 Metaspace       used 751K, capacity 4480K, committed 4480K, reserved 1056768K
  class space    used 76K, capacity 384K, committed 384K, reserved 1048576K

Card table byte_map: [0x0000000011980000,0x0000000011d80000] byte_map_base: 0x0000000011572000

Marking Bits: (ParMarkBitMap*) 0x0000000072b65ce0
 Begin Bits: [0x0000000012430000, 0x00000000143c0000)
 End Bits:   [0x00000000143c0000, 0x0000000016350000)

Polling page: 0x0000000000980000

CodeCache: size=245760Kb used=328Kb max_used=328Kb free=245431Kb
 bounds [0x00000000025c0000, 0x0000000002830000, 0x00000000115c0000]
 total_blobs=58 nmethods=0 adapters=38
 compilation: enabled

Compilation events (0 events):
No events

GC Heap History (0 events):
No events

Deoptimization events (0 events):
No events

Classes redefined (0 events):
No events

Internal exceptions (0 events):
No events

Events (10 events):
Event: 0.182 loading class java/lang/Short
Event: 0.182 loading class java/lang/Short done
Event: 0.182 loading class java/lang/Integer
Event: 0.183 loading class java/lang/Integer done
Event: 0.183 loading class java/lang/Long
Event: 0.184 loading class java/lang/Long done
Event: 0.186 loading class java/lang/NullPointerException
Event: 0.186 loading class java/lang/NullPointerException done
Event: 0.186 loading class java/lang/ArithmeticException
Event: 0.186 loading class java/lang/ArithmeticException done


Dynamic libraries:
0x00007ff6b20f0000 - 0x00007ff6b2127000 	C:\Program Files\Java\jre1.8.0_211\bin\javaw.exe
0x00007ffcff2c0000 - 0x00007ffcff4b0000 	C:\WINDOWS\SYSTEM32\ntdll.dll
0x00007ffcfd780000 - 0x00007ffcfd832000 	C:\WINDOWS\System32\KERNEL32.DLL
0x00007ffcfcda0000 - 0x00007ffcfd044000 	C:\WINDOWS\System32\KERNELBASE.dll
0x00007ffcfea20000 - 0x00007ffcfeac3000 	C:\WINDOWS\System32\ADVAPI32.dll
0x00007ffcfe780000 - 0x00007ffcfe81e000 	C:\WINDOWS\System32\msvcrt.dll
0x00007ffcfef30000 - 0x00007ffcfefc7000 	C:\WINDOWS\System32\sechost.dll
0x00007ffcfed40000 - 0x00007ffcfee60000 	C:\WINDOWS\System32\RPCRT4.dll
0x00007ffcfe820000 - 0x00007ffcfe9b4000 	C:\WINDOWS\System32\USER32.dll
0x00007ffcfd1f0000 - 0x00007ffcfd211000 	C:\WINDOWS\System32\win32u.dll
0x00007ffcff250000 - 0x00007ffcff276000 	C:\WINDOWS\System32\GDI32.dll
0x00007ffcfc380000 - 0x00007ffcfc515000 	C:\WINDOWS\System32\gdi32full.dll
0x00007ffcfd2d0000 - 0x00007ffcfd36e000 	C:\WINDOWS\System32\msvcp_win.dll
0x00007ffcfcca0000 - 0x00007ffcfcd9a000 	C:\WINDOWS\System32\ucrtbase.dll
0x00007ffceba70000 - 0x00007ffcebcf4000 	C:\WINDOWS\WinSxS\amd64_microsoft.windows.common-controls_6595b64144ccf1df_6.0.18362.900_none_e6beb9d913147d17\COMCTL32.dll
0x00007ffcfd440000 - 0x00007ffcfd775000 	C:\WINDOWS\System32\combase.dll
0x00007ffcfc250000 - 0x00007ffcfc2d0000 	C:\WINDOWS\System32\bcryptPrimitives.dll
0x00007ffcfefd0000 - 0x00007ffcfeffe000 	C:\WINDOWS\System32\IMM32.DLL
0x0000000072bf0000 - 0x0000000072cc2000 	C:\Program Files\Java\jre1.8.0_211\bin\msvcr100.dll
0x0000000072340000 - 0x0000000072be5000 	C:\Program Files\Java\jre1.8.0_211\bin\server\jvm.dll
0x00007ffcfe010000 - 0x00007ffcfe018000 	C:\WINDOWS\System32\PSAPI.DLL
0x00007ffce6ae0000 - 0x00007ffce6ae9000 	C:\WINDOWS\SYSTEM32\WSOCK32.dll
0x00007ffcf85b0000 - 0x00007ffcf85d4000 	C:\WINDOWS\SYSTEM32\WINMM.dll
0x00007ffcfe020000 - 0x00007ffcfe08f000 	C:\WINDOWS\System32\WS2_32.dll
0x00007ffcee470000 - 0x00007ffcee47a000 	C:\WINDOWS\SYSTEM32\VERSION.dll
0x00007ffcf8580000 - 0x00007ffcf85ad000 	C:\WINDOWS\SYSTEM32\winmmbase.dll
0x00007ffcfc2d0000 - 0x00007ffcfc31a000 	C:\WINDOWS\System32\cfgmgr32.dll
0x00007ffced4e0000 - 0x00007ffced4ef000 	C:\Program Files\Java\jre1.8.0_211\bin\verify.dll
0x00007ffcc8fe0000 - 0x00007ffcc9009000 	C:\Program Files\Java\jre1.8.0_211\bin\java.dll
0x00007ffce5520000 - 0x00007ffce5536000 	C:\Program Files\Java\jre1.8.0_211\bin\zip.dll

VM Arguments:
jvm_args: -Dfile.encoding=Cp1252 
java_command: Controleur
java_class_path (initial): C:\Users\asus\Documents\GitHub\eCommerce\bin
Launcher Type: SUN_STANDARD

Environment Variables:
PATH=C:/Program Files/Java/jdk-11.0.7/bin/server;C:/Program Files/Java/jdk-11.0.7/bin;C:\app\asus\product\18.0.0\dbhomeXE\bin;C:\Program Files (x86)\Common Files\Oracle\Java\javapath;C:\WINDOWS\system32;C:\WINDOWS;C:\WINDOWS\System32\Wbem;"C:\WINDOWS\System32\WindowsPowerShell\v1.0\;C:\Program Files (x86)\Java\jdk-11.0.7\bin;C:\Program Files (x86)\Java\jre1.8.0_211\bin";C:\WINDOWS\System32\OpenSSH\;C:\Program Files\MATLAB\R2016b\runtime\win64;C:\Program Files\MATLAB\R2016b\bin;C:\Program Files\MATLAB\R2016b\polyspace\bin;C:\Program Files (x86)\IVI Foundation\VISA\WinNT\Bin\;C:\Program Files\IVI Foundation\VISA\Win64\Bin\;C:\Program Files (x86)\National Instruments\Shared\LabVIEW CLI;C:\Program Files (x86)\IVI Foundation\VISA\WinNT\Bin;C:\Program Files\Git\cmd;C:\Program Files\nodejs\;C:\Program Files (x86)\MySQL\MySQL Fabric 1.5 & MySQL Utilities 1.5\;C:\Program Files (x86)\MySQL\MySQL Fabric 1.5 & MySQL Utilities 1.5\Doctrine extensions for PHP\;C:\Program Files\PHP;C:\Users\asus\AppData\Local\Programs\Microsoft VS Code\bin;C:\Users\asus\AppData\Local\GitHubDesktop\bin;C:\Users\asus\eclipse\java-2021-09\eclipse;
USERNAME=asus
OS=Windows_NT
PROCESSOR_IDENTIFIER=Intel64 Family 6 Model 142 Stepping 9, GenuineIntel



---------------  S Y S T E M  ---------------

OS: Windows 10.0 , 64 bit Build 18362 (10.0.18362.900)

CPU:total 4 (initial active 4) (2 cores per cpu, 2 threads per core) family 6 model 142 stepping 9, cmov, cx8, fxsr, mmx, sse, sse2, sse3, ssse3, sse4.1, sse4.2, popcnt, avx, avx2, aes, clmul, erms, 3dnowpref, lzcnt, ht, tsc, tscinvbit, bmi1, bmi2, adx

Memory: 4k page, physical 8271020k(1105152k free), swap 33436844k(5788k free)

vm_info: Java HotSpot(TM) 64-Bit Server VM (25.211-b12) for windows-amd64 JRE (1.8.0_211-b12), built on Apr  1 2019 20:53:26 by "java_re" with MS VC++ 10.0 (VS2010)

time: Sun Feb 20 01:30:16 2022
timezone: Est
elapsed time: 0 seconds (0d 0h 0m 0s)

